"../../../../university/course-work/TerrainGenerator/Content/Geometry/Meshes/CubeMaterial.uasset" 0
"../../../../university/course-work/TerrainGenerator/Content/Geometry/Meshes/1M_Cube.uasset" 1
"../../../../university/course-work/TerrainGenerator/Content/Geometry/Meshes/1M_Cube_Chamfer.uasset" 2
"../../../../university/course-work/TerrainGenerator/Content/Geometry/Meshes/TemplateFloor.uasset" 3
"../../../../university/course-work/TerrainGenerator/Content/Mannequin/Character/Mesh/UE4_Mannequin_Skeleton.uasset" 4
"../../../../university/course-work/TerrainGenerator/Content/Mannequin/Animations/ThirdPersonJump_End.uasset" 5
"../../../../university/course-work/TerrainGenerator/Content/StarterContent/Materials/M_Basic_Wall.uasset" 6
"../../../../university/course-work/TerrainGenerator/Content/StarterContent/Architecture/Pillar_50x500.uasset" 7
"../../../../university/course-work/TerrainGenerator/Content/StarterContent/Architecture/Wall_400x300.uasset" 8
"../../../../university/course-work/TerrainGenerator/Content/StarterContent/Architecture/Wall_400x400.uasset" 9
"../../../../university/course-work/TerrainGenerator/Content/StarterContent/Architecture/Wall_500x500.uasset" 10
"../../../../university/course-work/TerrainGenerator/Content/StarterContent/Architecture/Wall_Door_400x400.uasset" 11
"../../../../university/course-work/TerrainGenerator/Content/StarterContent/Architecture/Wall_Window_400x400.uasset" 12
"../../../../university/course-work/TerrainGenerator/Content/StarterContent/Audio/Collapse01.uasset" 13
"../../../../university/course-work/TerrainGenerator/Content/StarterContent/Audio/Collapse02.uasset" 14
"../../../../university/course-work/TerrainGenerator/Content/StarterContent/Audio/Explosion01.uasset" 15
"../../../../university/course-work/TerrainGenerator/Content/StarterContent/Audio/Explosion02.uasset" 16
"../../../../university/course-work/TerrainGenerator/Content/StarterContent/Audio/Fire01.uasset" 17
"../../../../university/course-work/TerrainGenerator/Content/StarterContent/Audio/Fire_Sparks01.uasset" 18
"../../../../university/course-work/TerrainGenerator/Content/StarterContent/Audio/Light01.uasset" 19
"../../../../university/course-work/TerrainGenerator/Content/StarterContent/Audio/Light01_Cue.uasset" 20
"../../../../university/course-work/TerrainGenerator/Content/StarterContent/Audio/Light02.uasset" 21
"../../../../university/course-work/TerrainGenerator/Content/StarterContent/Audio/Light02_Cue.uasset" 22
"../../../../university/course-work/TerrainGenerator/Content/StarterContent/Audio/Smoke01.uasset" 23
"../../../../university/course-work/TerrainGenerator/Content/StarterContent/Audio/Starter_Birds01.uasset" 24
"../../../../university/course-work/TerrainGenerator/Content/StarterContent/Audio/Starter_Music01.uasset" 25
"../../../../university/course-work/TerrainGenerator/Content/StarterContent/Audio/Starter_Wind05.uasset" 26
"../../../../university/course-work/TerrainGenerator/Content/StarterContent/Audio/Starter_Wind06.uasset" 27
"../../../../university/course-work/TerrainGenerator/Content/StarterContent/Audio/Steam01.uasset" 28
"../../../../university/course-work/TerrainGenerator/Content/StarterContent/Audio/Explosion_Cue.uasset" 29
"../../../../university/course-work/TerrainGenerator/Content/StarterContent/Textures/T_Burst_M.uasset" 30
"../../../../university/course-work/TerrainGenerator/Content/StarterContent/Particles/Materials/M_Burst.uasset" 31
"../../../../university/course-work/TerrainGenerator/Content/StarterContent/Textures/T_Explosion_SubUV.uasset" 32
"../../../../university/course-work/TerrainGenerator/Content/StarterContent/Particles/Materials/M_explosion_subUV.uasset" 33
"../../../../university/course-work/TerrainGenerator/Content/StarterContent/Particles/Materials/m_flare_01.uasset" 34
"../../../Engine/Content/Functions/Engine_MaterialFunctions01/Gradient/RadialGradient.uasset" 35
"../../../../university/course-work/TerrainGenerator/Content/StarterContent/Particles/Materials/M_radial_ramp.uasset" 36
"../../../../university/course-work/TerrainGenerator/Content/StarterContent/Textures/T_Smoke_SubUV.uasset" 37
"../../../../university/course-work/TerrainGenerator/Content/StarterContent/Textures/T_Smoke_Tiled_D.uasset" 38
"../../../../university/course-work/TerrainGenerator/Content/StarterContent/Particles/Materials/M_smoke_subUV.uasset" 39
"../../../../university/course-work/TerrainGenerator/Content/StarterContent/Particles/P_Explosion.uasset" 40
"../../../../university/course-work/TerrainGenerator/Content/StarterContent/Blueprints/Blueprint_Effect_Explosion.uasset" 41
"../../../Engine/Content/EditorMeshes/ColorCalibrator/T_ColorGrid.uasset" 42
"../../../../university/course-work/TerrainGenerator/Content/StarterContent/Materials/M_ColorGrid_LowSpec.uasset" 43
"../../../../university/course-work/TerrainGenerator/Content/StarterContent/Textures/T_Bush_D.uasset" 44
"../../../../university/course-work/TerrainGenerator/Content/StarterContent/Textures/T_Bush_N.uasset" 45
"../../../../university/course-work/TerrainGenerator/Content/StarterContent/Props/Materials/M_Bush.uasset" 46
"../../../../university/course-work/TerrainGenerator/Content/StarterContent/Props/SM_Bush.uasset" 47
"../../../../university/course-work/TerrainGenerator/Content/StarterContent/Textures/T_Chair_M.uasset" 48
"../../../../university/course-work/TerrainGenerator/Content/StarterContent/Textures/T_Chair_N.uasset" 49
"../../../../university/course-work/TerrainGenerator/Content/StarterContent/Props/Materials/M_Chair.uasset" 50
"../../../../university/course-work/TerrainGenerator/Content/StarterContent/Props/SM_Couch.uasset" 51
"../../../../university/course-work/TerrainGenerator/Content/StarterContent/Materials/M_Glass.uasset" 52
"../../../../university/course-work/TerrainGenerator/Content/StarterContent/Textures/T_Door_M.uasset" 53
"../../../../university/course-work/TerrainGenerator/Content/StarterContent/Textures/T_Door_N.uasset" 54
"../../../../university/course-work/TerrainGenerator/Content/StarterContent/Props/Materials/M_Door.uasset" 55
"../../../../university/course-work/TerrainGenerator/Content/StarterContent/Props/SM_Door.uasset" 56
"../../../../university/course-work/TerrainGenerator/Content/StarterContent/Props/Materials/M_MaterialSphere.uasset" 57
"../../../../university/course-work/TerrainGenerator/Content/StarterContent/Props/Materials/M_MaterialSphere_Plain.uasset" 58
"../../../../university/course-work/TerrainGenerator/Content/StarterContent/Props/SM_MatPreviewMesh_02.uasset" 59
"../../../Engine/Content/Functions/Engine_MaterialFunctions02/Utility/BlendAngleCorrectedNormals.uasset" 60
"../../../../university/course-work/TerrainGenerator/Content/StarterContent/Textures/T_Detail_Rocky_N.uasset" 61
"../../../../university/course-work/TerrainGenerator/Content/StarterContent/Textures/T_Rock_Basalt_D.uasset" 62
"../../../../university/course-work/TerrainGenerator/Content/StarterContent/Textures/T_RockMesh_M.uasset" 63
"../../../../university/course-work/TerrainGenerator/Content/StarterContent/Textures/T_RockMesh_N.uasset" 64
"../../../../university/course-work/TerrainGenerator/Content/StarterContent/Props/Materials/M_Rock.uasset" 65
"../../../../university/course-work/TerrainGenerator/Content/StarterContent/Props/SM_Rock.uasset" 66
"../../../../university/course-work/TerrainGenerator/Content/StarterContent/Textures/T_Shelf_M.uasset" 67
"../../../../university/course-work/TerrainGenerator/Content/StarterContent/Textures/T_Shelf_N.uasset" 68
"../../../../university/course-work/TerrainGenerator/Content/StarterContent/Props/Materials/M_Shelf.uasset" 69
"../../../../university/course-work/TerrainGenerator/Content/StarterContent/Props/SM_Shelf.uasset" 70
"../../../../university/course-work/TerrainGenerator/Content/StarterContent/Materials/M_Basic_Floor.uasset" 71
"../../../../university/course-work/TerrainGenerator/Content/StarterContent/Props/SM_Stairs.uasset" 72
"../../../../university/course-work/TerrainGenerator/Content/StarterContent/Shapes/Shape_Cone.uasset" 73
"../../../../university/course-work/TerrainGenerator/Content/StarterContent/Shapes/Shape_Cylinder.uasset" 74
"../../../../university/course-work/TerrainGenerator/Content/StarterContent/Shapes/Shape_NarrowCapsule.uasset" 75
"../../../../university/course-work/TerrainGenerator/Content/StarterContent/Shapes/Shape_Pipe.uasset" 76
"../../../../university/course-work/TerrainGenerator/Content/StarterContent/Shapes/Shape_Pipe_180.uasset" 77
"../../../../university/course-work/TerrainGenerator/Content/StarterContent/Shapes/Shape_Pipe_90.uasset" 78
"../../../../university/course-work/TerrainGenerator/Content/StarterContent/Shapes/Shape_Plane.uasset" 79
"../../../../university/course-work/TerrainGenerator/Content/StarterContent/Shapes/Shape_Torus.uasset" 80
"../../../../university/course-work/TerrainGenerator/Content/StarterContent/Shapes/Shape_Trim.uasset" 81
"../../../../university/course-work/TerrainGenerator/Content/StarterContent/Shapes/Shape_Trim_90_In.uasset" 82
"../../../../university/course-work/TerrainGenerator/Content/StarterContent/Shapes/Shape_Trim_90_Out.uasset" 83
"../../../../university/course-work/TerrainGenerator/Content/StarterContent/Shapes/Shape_TriPyramid.uasset" 84
"../../../../university/course-work/TerrainGenerator/Content/StarterContent/Shapes/Shape_Tube.uasset" 85
"../../../../university/course-work/TerrainGenerator/Content/StarterContent/Shapes/Shape_Wedge_A.uasset" 86
"../../../../university/course-work/TerrainGenerator/Content/StarterContent/Shapes/Shape_Wedge_B.uasset" 87
"../../../../university/course-work/TerrainGenerator/Content/StarterContent/Shapes/Shape_WideCapsule.uasset" 88
"../../../../university/course-work/TerrainGenerator/Content/ThirdPerson/Meshes/RampMaterial.uasset" 89
"../../../../university/course-work/TerrainGenerator/Content/ThirdPerson/Meshes/Bump_StaticMesh.uasset" 90
"../../../../university/course-work/TerrainGenerator/Content/ThirdPerson/Meshes/LeftArm_StaticMesh.uasset" 91
"../../../../university/course-work/TerrainGenerator/Content/ThirdPerson/Meshes/Linear_Stair_StaticMesh.uasset" 92
"../../../../university/course-work/TerrainGenerator/Content/ThirdPerson/Meshes/Ramp_StaticMesh.uasset" 93
"../../../../university/course-work/TerrainGenerator/Content/ThirdPerson/Meshes/RightArm_StaticMesh.uasset" 94
"../../../Engine/Content/Animation/DefaultAnimBoneCompressionSettings.uasset" 95
"../../../Engine/Content/Animation/DefaultAnimCurveCompressionSettings.uasset" 96
"../../../Engine/Content/Functions/Engine_MaterialFunctions01/Opacity/CameraDepthFade.uasset" 97
"../../../Engine/Content/EngineMaterials/T_Default_Material_Grid_M.uasset" 98
"../../../Engine/Content/EngineMaterials/T_Default_Material_Grid_N.uasset" 99
"../../../Engine/Content/EngineMaterials/WorldGridMaterial.uasset" 100
"../../../Engine/Content/ArtTools/RenderToTexture/Meshes/S_1_Unit_Plane.uasset" 101
"../../../Engine/Content/EngineMaterials/DefaultMaterial.uasset" 102
"../../../Engine/Content/BasicShapes/Cone.uasset" 103
"../../../Engine/Content/BasicShapes/Cube.uasset" 104
"../../../Engine/Content/BasicShapes/Cylinder.uasset" 105
"../../../Engine/Content/BasicShapes/Plane.uasset" 106
"../../../Engine/Content/BasicShapes/Sphere.uasset" 107
"../../../Engine/Content/EditorLandscapeResources/DataLayer.uasset" 108
"../../../Engine/Content/EditorMaterials/MAT_Groups_Toggle.uasset" 109
"../../../Engine/Content/EditorMaterials/MAT_Groups_Visibility.uasset" 110
"../../../Engine/Content/EditorMaterials/PreviewShadowIndicator.uasset" 111
"../../../Engine/Content/EditorMaterials/PreviewShadowIndicatorMaterial.uasset" 112
"../../../Engine/Content/EditorMaterials/MatineeGroups/MAT_ColorTrack.uasset" 113
"../../../Engine/Content/EditorMaterials/MatineeGroups/MAT_Groups_Anim.uasset" 114
"../../../Engine/Content/EditorMaterials/MatineeGroups/MAT_Groups_AudioMaster.uasset" 115
"../../../Engine/Content/EditorMaterials/MatineeGroups/MAT_Groups_Director.uasset" 116
"../../../Engine/Content/EditorMaterials/MatineeGroups/MAT_Groups_Event.uasset" 117
"../../../Engine/Content/EditorMaterials/MatineeGroups/MAT_Groups_Fade.uasset" 118
"../../../Engine/Content/EditorMaterials/MatineeGroups/MAT_Groups_Float.uasset" 119
"../../../Engine/Content/EditorMaterials/MatineeGroups/MAT_Groups_Move.uasset" 120
"../../../Engine/Content/EditorMaterials/MatineeGroups/MAT_Groups_Slomo.uasset" 121
"../../../Engine/Content/EditorMaterials/MatineeGroups/MAT_Groups_Sound.uasset" 122
"../../../Engine/Content/EditorMaterials/MatineeGroups/MAT_Groups_Vector.uasset" 123
"../../../Engine/Content/EditorMaterials/ParticleSystems/PSysThumbnail_NoImage.uasset" 124
"../../../Engine/Content/EditorMaterials/ParticleSystems/PSysThumbnail_OOD.uasset" 125
"../../../Engine/Content/EditorMaterials/Camera/CineMat.uasset" 126
"../../../Engine/Content/EditorMaterials/Camera/MI_CineMat_Rig.uasset" 127
"../../../Engine/Content/EditorMeshes/Camera/SM_CraneRig_Arm.uasset" 128
"../../../Engine/Content/EditorMeshes/Camera/SM_CraneRig_Base.uasset" 129
"../../../Engine/Content/EditorMeshes/Camera/SM_CraneRig_Body.uasset" 130
"../../../Engine/Content/EditorMeshes/Camera/SM_CraneRig_Mount.uasset" 131
"../../../Engine/Content/EditorMeshes/Camera/SM_RailRig_Mount.uasset" 132
"../../../Engine/Content/EditorMeshes/Camera/SM_RailRig_Track.uasset" 133
"../../../Engine/Content/EditorResources/BSPVertex.uasset" 134
"../../../Engine/Content/EditorResources/EmptyActor.uasset" 135
"../../../Engine/Content/EditorResources/S_Actor.uasset" 136
"../../../Engine/Content/EditorResources/S_Note.uasset" 137
"../../../Engine/Content/EditorResources/S_Solver.uasset" 138
"../../../Engine/Content/EditorResources/S_Trigger.uasset" 139
"../../../Engine/Content/EditorResources/AudioIcons/S_AudioComponent.uasset" 140
"../../../Engine/Content/EditorResources/AudioIcons/S_AudioComponent_AutoActivate.uasset" 141
"../../../Engine/Content/EditorResources/LightIcons/S_LightError.uasset" 142
"../../../Engine/Content/EditorResources/SequenceRecorder/Countdown.uasset" 143
"../../../Engine/Content/EditorResources/SequenceRecorder/RecordingIndicator.uasset" 144
"../../../Engine/Content/EditorSounds/Notifications/CompileFailed.uasset" 145
"../../../Engine/Content/EditorSounds/Notifications/CompileFailed_Cue.uasset" 146
"../../../Engine/Content/EditorSounds/Notifications/CompileSuccess.uasset" 147
"../../../Engine/Content/EditorSounds/Notifications/CompileStart_Cue.uasset" 148
"../../../Engine/Content/EditorSounds/Notifications/CompileSuccess_Cue.uasset" 149
"../../../Engine/Content/EngineDamageTypes/DmgTypeBP_Environmental.uasset" 150
"../../../Engine/Content/EngineDebugMaterials/DebugEditorMaterial.uasset" 151
"../../../Engine/Content/EngineDebugMaterials/DebugMeshMaterial.uasset" 152
"../../../Engine/Content/EngineDebugMaterials/M_SimpleUnlitTranslucent.uasset" 153
"../../../Engine/Content/Functions/Engine_MaterialFunctions02/Utility/CameraDirectionVector.uasset" 154
"../../../Engine/Content/EngineDebugMaterials/VolumeToRender.uasset" 155
"../../../Engine/Content/EngineDebugMaterials/M_VolumeRenderSphereTracePP.uasset" 156
"../../../Engine/Content/EngineDebugMaterials/WireframeMaterial.uasset" 157
"../../../Engine/Content/EngineFonts/Faces/DroidSansFallback.uasset" 158
"../../../Engine/Content/EngineFonts/Faces/RobotoBold.uasset" 159
"../../../Engine/Content/EngineFonts/Faces/RobotoBoldItalic.uasset" 160
"../../../Engine/Content/EngineFonts/Faces/RobotoItalic.uasset" 161
"../../../Engine/Content/EngineFonts/Faces/RobotoLight.uasset" 162
"../../../Engine/Content/EngineFonts/Faces/RobotoRegular.uasset" 163
"../../../Engine/Content/EngineFonts/Roboto.uasset" 164
"../../../Engine/Content/EngineMaterials/BaseFlattenDiffuseMap.uasset" 165
"../../../Engine/Content/EngineMaterials/BaseFlattenEmissiveMap.uasset" 166
"../../../Engine/Content/EngineMaterials/BaseFlattenGrayscaleMap.uasset" 167
"../../../Engine/Content/EngineMaterials/BaseFlattenNormalMap.uasset" 168
"../../../Engine/Content/EngineMaterials/BaseFlattenMaterial.uasset" 169
"../../../Engine/Content/EngineMaterials/BlueNoise.uasset" 170
"../../../Engine/Content/EngineMaterials/DefaultBloomKernel.uasset" 171
"../../../Engine/Content/EngineMaterials/DefaultBokeh.uasset" 172
"../../../Engine/Content/EngineMaterials/DefaultDiffuse.uasset" 173
"../../../Engine/Content/EngineMaterials/DefaultDeferredDecalMaterial.uasset" 174
"../../../Engine/Content/EngineMaterials/DefaultLightFunctionMaterial.uasset" 175
"../../../Engine/Content/EngineMaterials/DefaultPhysicalMaterial.uasset" 176
"../../../Engine/Content/Functions/Engine_MaterialFunctions02/Utility/BreakOutFloat2Components.uasset" 177
"../../../Engine/Content/EngineMaterials/DefaultPostProcessMaterial.uasset" 178
"../../../Engine/Content/EngineFonts/RobotoDistanceField.uasset" 179
"../../../Engine/Content/EngineMaterials/DefaultTextMaterialOpaque.uasset" 180
"../../../Engine/Content/EngineMaterials/DefaultWhiteGrid.uasset" 181
"../../../Engine/Content/EngineMaterials/DefaultWhiteGrid_Low.uasset" 182
"../../../Engine/Content/EngineMaterials/EmissiveMeshMaterial.uasset" 183
"../../../Engine/Content/EngineMaterials/GizmoMaterial.uasset" 184
"../../../Engine/Content/EngineMaterials/Good64x64TilingNoiseHighFreq.uasset" 185
"../../../Engine/Content/EngineMaterials/MiniFont.uasset" 186
"../../../Engine/Content/EngineMaterials/InvalidLightmapSettings.uasset" 187
"../../../Engine/Content/EngineMaterials/M_InvalidLightmapSettings.uasset" 188
"../../../Engine/Content/Functions/Engine_MaterialFunctions02/WorldPositionOffset/CameraOffset.uasset" 189
"../../../Engine/Content/EngineMaterials/PhAT_JointLimitMaterial.uasset" 190
"../../../Engine/Content/EngineMaterials/PreintegratedSkinBRDF.uasset" 191
"../../../Engine/Content/EngineMaterials/RemoveSurfaceMaterial.uasset" 192
"../../../Engine/Content/EngineMaterials/WeightMapPlaceholderTexture.uasset" 193
"../../../Engine/Content/EngineResources/WhiteSquareTexture.uasset" 194
"../../../Engine/Content/EngineMaterials/Widget3DPassThrough.uasset" 195
"../../../Engine/Content/EngineMaterials/Widget3DPassThrough_Masked.uasset" 196
"../../../Engine/Content/EngineMaterials/Widget3DPassThrough_Opaque.uasset" 197
"../../../Engine/Content/EngineMaterials/Widget3DPassThrough_Masked_OneSided.uasset" 198
"../../../Engine/Content/EngineMaterials/Widget3DPassThrough_Opaque_OneSided.uasset" 199
"../../../Engine/Content/EngineMaterials/Widget3DPassThrough_Translucent.uasset" 200
"../../../Engine/Content/EngineMaterials/Widget3DPassThrough_Translucent_OneSided.uasset" 201
"../../../Engine/Content/EngineMeshes/Cylinder.uasset" 202
"../../../Engine/Content/EngineMeshes/Sphere.uasset" 203
"../../../Engine/Content/EngineResources/Black.uasset" 204
"../../../Engine/Content/EngineResources/DefaultTexture.uasset" 205
"../../../Engine/Content/EngineResources/DefaultTextureCube.uasset" 206
"../../../Engine/Content/EngineResources/DefaultVolumeTexture2D.uasset" 207
"../../../Engine/Content/EngineResources/DefaultVolumeTexture.uasset" 208
"../../../Engine/Content/EngineResources/GradientTexture0.uasset" 209
"../../../Engine/Content/EngineSounds/Master.uasset" 210
"../../../Engine/Content/Functions/Engine_MaterialFunctions01/Shading/ConvertFromDiffSpec.uasset" 211
"../../../Engine/Content/Functions/Engine_MaterialFunctions01/Shading/PowerToRoughness.uasset" 212
"../../../Engine/Content/Maps/Templates/Thumbnails/Default.uasset" 213
"../../../Engine/Content/Maps/Templates/Thumbnails/TimeOfDay.uasset" 214
"../../../Engine/Content/Maps/Templates/Thumbnails/VR-Basic.uasset" 215
"../../../Engine/Content/MobileResources/T_MobileControls_texture.uasset" 216
"../../../Engine/Content/MobileResources/T_MobileMenu2.uasset" 217
"../../../Engine/Content/MobileResources/HUD/AnalogHat.uasset" 218
"../../../Engine/Content/MobileResources/HUD/VirtualJoystick_Background.uasset" 219
"../../../Engine/Content/MobileResources/HUD/VirtualJoystick_Thumb.uasset" 220
"../../../Engine/Content/MobileResources/HUD/DefaultVirtualJoysticks.uasset" 221
"../../../Engine/Content/MobileResources/HUD/LeftVirtualJoystickOnly.uasset" 222
"../../../Engine/Content/MobileResources/HUD/MobileHUDButton1_off.uasset" 223
"../../../Engine/Content/MobileResources/HUD/MobileHUDButton1_on.uasset" 224
"../../../Engine/Content/MobileResources/HUD/MobileHUDButton2_off.uasset" 225
"../../../Engine/Content/MobileResources/HUD/MobileHUDButton2_on.uasset" 226
"../../../Engine/Content/MobileResources/HUD/MobileHUDButton3.uasset" 227
"../../../Engine/Content/MobileResources/HUD/MobileHUDButtonFire.uasset" 228
"../../../Engine/Content/MobileResources/HUD/MobileHUDDirectionPad.uasset" 229
"../../../Engine/Content/MobileResources/HUD/MobileHUDDirectionPad2.uasset" 230
"../../../Engine/Content/MobileResources/HUD/MobileHUDDirectionPad3.uasset" 231
"../../../Engine/Content/MobileResources/HUD/MobileHUDDirectionStick.uasset" 232
"../../../Engine/Content/MobileResources/HUD/T_Castle_ThumbstickInner.uasset" 233
"../../../Engine/Content/MobileResources/HUD/T_Castle_ThumbstickOutter.uasset" 234
"../../../Engine/Content/Tutorial/ContentIntroCurve.uasset" 235
"../../../Engine/Content/Tutorial/Basics/LevelEditorAttract.uasset" 236
"../../../Engine/Content/VREditor/LaserPointer/VR_LaserPower_01.uasset" 237
"../../../Engine/Content/VREditor/TransformGizmo/TransformGizmoMaterial.uasset" 238
"../../../Engine/Content/VREditor/TransformGizmo/TranslucentTransformGizmoMaterial.uasset" 239
"../../../Engine/Content/VREditor/TransformGizmo/BoundingBoxCorner.uasset" 240
"../../../Engine/Content/VREditor/TransformGizmo/BoundingBoxEdge.uasset" 241
"../../../Engine/Content/VREditor/TransformGizmo/PlaneTranslationHandle.uasset" 242
"../../../Engine/Content/VREditor/TransformGizmo/Main.uasset" 243
"../../../Engine/Content/VREditor/TransformGizmo/Xray.uasset" 244
"../../../Engine/Content/VREditor/TransformGizmo/SM_Sequencer_Key.uasset" 245
"../../../Engine/Content/VREditor/TransformGizmo/SM_Sequencer_Node.uasset" 246
"../../Plugins/2D/Paper2D/Content/PlaceholderTextures/DummySpriteTexture.uasset" 247
"../../Plugins/2D/Paper2D/Content/DummySprite.uasset" 248
"../../Plugins/2D/Paper2D/Content/DefaultPaperTerrainMaterial.uasset" 249
"../../Plugins/2D/Paper2D/Content/DefaultSpriteMaterial.uasset" 250
"../../Plugins/2D/Paper2D/Content/MaskedUnlitSpriteMaterial.uasset" 251
"../../Plugins/2D/Paper2D/Content/OpaqueUnlitSpriteMaterial.uasset" 252
"../../Plugins/FX/Niagara/Content/Enums/ENiagaraBooleanLogicOps.uasset" 253
"../../Plugins/FX/Niagara/Content/Enums/ENiagaraCoordinateSpace.uasset" 254
"../../Plugins/FX/Niagara/Content/Enums/ENiagaraExpansionMode.uasset" 255
"../../Plugins/FX/Niagara/Content/Enums/ENiagaraOrientationAxis.uasset" 256
"../../Plugins/FX/Niagara/Content/Enums/ENiagaraRandomnessMode.uasset" 257
"../../../Engine/Content/Functions/Engine_MaterialFunctions02/Utility/BreakOutFloat4Components.uasset" 258
"../../../Engine/Content/Functions/Engine_MaterialFunctions02/Utility/MakeFloat2.uasset" 259
"../../../Engine/Content/Functions/Engine_MaterialFunctions02/Utility/MakeFloat3.uasset" 260
"../../Plugins/Runtime/Oculus/OculusVR/Content/Materials/OculusMR_ChromaKey.uasset" 261
"../../Plugins/Runtime/Oculus/OculusVR/Content/Materials/OculusMR_ChromaKey_Lit.uasset" 262
"../../Plugins/Runtime/Oculus/OculusVR/Content/Materials/OculusMR_OpaqueColoredMaterial.uasset" 263
"../../Plugins/Runtime/Oculus/OculusVR/Content/Materials/OculusMR_WhiteMaterial.uasset" 264
"../../../../university/course-work/TerrainGenerator/Content/StarterContent/Blueprints/Assets/FogBrightnessLUT.uasset" 265
"../../../../university/course-work/TerrainGenerator/Content/StarterContent/Blueprints/Assets/SunlightColorLUT.uasset" 266
"../../../../university/course-work/TerrainGenerator/Content/StarterContent/Blueprints/Assets/M_LightStage_Arrows.uasset" 267
"../../../Engine/Content/MapTemplates/Sky/DaylightAmbientCubemap.uasset" 268
"../../../../university/course-work/TerrainGenerator/Content/StarterContent/Blueprints/Assets/M_LightStage_Skybox_Master.uasset" 269
"../../../../university/course-work/TerrainGenerator/Content/StarterContent/Blueprints/Assets/M_LightStage_Skybox_Black.uasset" 270
"../../../../university/course-work/TerrainGenerator/Content/StarterContent/Blueprints/Assets/M_LightStage_Skybox_HDRI.uasset" 271
"../../../Engine/Content/EditorMaterials/Thumbnails/SkySphereMaterial.uasset" 272
"../../../../university/course-work/TerrainGenerator/Content/StarterContent/Blueprints/Assets/Skybox.uasset" 273
"../../../../university/course-work/TerrainGenerator/Content/StarterContent/Blueprints/Assets/SM_Arrows.uasset" 274
"../../../../university/course-work/TerrainGenerator/Content/StarterContent/HDRI/HDRI_Epic_Courtyard_Daylight.uasset" 275
"../../../../university/course-work/TerrainGenerator/Content/StarterContent/Blueprints/BP_LightStudio.uasset" 276
"../../../../university/course-work/TerrainGenerator/Content/StarterContent/Maps/Advanced_Lighting_BuiltData.uasset" 277
"../../../../university/course-work/TerrainGenerator/Content/StarterContent/Materials/M_AssetPlatform.uasset" 278
"../../../Engine/Content/EditorMeshes/ColorCalibrator/M_ChromeBall.uasset" 279
"../../../Engine/Content/EditorMeshes/ColorCalibrator/M_ClearCoat.uasset" 280
"../../../Engine/Content/EditorMeshes/ColorCalibrator/M_ClearCoatBlack.uasset" 281
"../../../Engine/Content/EditorMeshes/ColorCalibrator/Color_checker.uasset" 282
"../../../Engine/Content/EditorMeshes/ColorCalibrator/M_ColorGrid.uasset" 283
"../../../Engine/Content/EditorMeshes/ColorCalibrator/M_GreyBall.uasset" 284
"../../../Engine/Content/EditorMeshes/ColorCalibrator/SM_ColorCalibrator.uasset" 285
"../../../../university/course-work/TerrainGenerator/Content/StarterContent/Architecture/SM_AssetPlatform.uasset" 286
"../../../../university/course-work/TerrainGenerator/Content/StarterContent/Maps/Advanced_Lighting.umap" 287
"../../../Engine/Content/EditorBlueprintResources/StandardMacros.uasset" 288
"../../../Engine/Content/EngineSky/C_Sky_Cloud_Color.uasset" 289
"../../../Engine/Content/EngineSky/C_Sky_Horizon_Color.uasset" 290
"../../../Engine/Content/EngineSky/C_Sky_Zenith_Color.uasset" 291
"../../../Engine/Content/EngineSky/T_Sky_Blue.uasset" 292
"../../../Engine/Content/EngineSky/T_Sky_Clouds_M.uasset" 293
"../../../Engine/Content/EngineSky/T_Sky_Stars.uasset" 294
"../../../Engine/Content/EngineSky/M_Sky_Panning_Clouds2.uasset" 295
"../../../Engine/Content/EngineSky/SM_SkySphere.uasset" 296
"../../../Engine/Content/EngineSky/BP_Sky_Sphere.uasset" 297
"../../../../university/course-work/TerrainGenerator/Content/StarterContent/Maps/Minimal_Default_BuiltData.uasset" 298
"../../../../university/course-work/TerrainGenerator/Content/StarterContent/Textures/T_MacroVariation.uasset" 299
"../../../../university/course-work/TerrainGenerator/Content/StarterContent/Materials/M_Metal_Brushed_Nickel.uasset" 300
"../../../../university/course-work/TerrainGenerator/Content/StarterContent/Textures/T_Metal_Aluminum_D.uasset" 301
"../../../../university/course-work/TerrainGenerator/Content/StarterContent/Textures/T_Metal_Gold_N.uasset" 302
"../../../../university/course-work/TerrainGenerator/Content/StarterContent/Materials/M_Metal_Burnished_Steel.uasset" 303
"../../../../university/course-work/TerrainGenerator/Content/StarterContent/Textures/T_Metal_Copper_D.uasset" 304
"../../../../university/course-work/TerrainGenerator/Content/StarterContent/Materials/M_Metal_Copper.uasset" 305
"../../../../university/course-work/TerrainGenerator/Content/StarterContent/Textures/T_Statue_M.uasset" 306
"../../../../university/course-work/TerrainGenerator/Content/StarterContent/Textures/T_Statue_N.uasset" 307
"../../../../university/course-work/TerrainGenerator/Content/StarterContent/Props/Materials/M_StatueGlass.uasset" 308
"../../../../university/course-work/TerrainGenerator/Content/StarterContent/Architecture/Floor_400x400.uasset" 309
"../../../../university/course-work/TerrainGenerator/Content/StarterContent/Audio/Starter_Background_Cue.uasset" 310
"../../../../university/course-work/TerrainGenerator/Content/StarterContent/Props/SM_Chair.uasset" 311
"../../../../university/course-work/TerrainGenerator/Content/StarterContent/Props/Materials/M_Statue.uasset" 312
"../../../../university/course-work/TerrainGenerator/Content/StarterContent/Props/SM_Statue.uasset" 313
"../../../../university/course-work/TerrainGenerator/Content/StarterContent/Textures/T_TableRound_M.uasset" 314
"../../../../university/course-work/TerrainGenerator/Content/StarterContent/Textures/T_TableRound_N.uasset" 315
"../../../../university/course-work/TerrainGenerator/Content/StarterContent/Props/Materials/M_TableRound.uasset" 316
"../../../../university/course-work/TerrainGenerator/Content/StarterContent/Props/SM_TableRound.uasset" 317
"../../../../university/course-work/TerrainGenerator/Content/StarterContent/Maps/Minimal_Default.umap" 318
"../../../../university/course-work/TerrainGenerator/Content/StarterContent/Audio/Fire01_Cue.uasset" 319
"../../../../university/course-work/TerrainGenerator/Content/StarterContent/Textures/T_Fire_SubUV.uasset" 320
"../../../../university/course-work/TerrainGenerator/Content/StarterContent/Textures/T_Fire_Tiled_D.uasset" 321
"../../../../university/course-work/TerrainGenerator/Content/StarterContent/Particles/Materials/M_Fire_SubUV.uasset" 322
"../../../../university/course-work/TerrainGenerator/Content/StarterContent/Textures/T_Water_N.uasset" 323
"../../../../university/course-work/TerrainGenerator/Content/StarterContent/Particles/Materials/M_Heat_Distortion.uasset" 324
"../../../../university/course-work/TerrainGenerator/Content/StarterContent/Particles/Materials/M_Radial_Gradient.uasset" 325
"../../../../university/course-work/TerrainGenerator/Content/StarterContent/Particles/P_Fire.uasset" 326
"../../../../university/course-work/TerrainGenerator/Content/StarterContent/Blueprints/Blueprint_Effect_Fire.uasset" 327
"../../../../university/course-work/TerrainGenerator/Content/StarterContent/Audio/Smoke01_Cue.uasset" 328
"../../../../university/course-work/TerrainGenerator/Content/StarterContent/Particles/P_Smoke.uasset" 329
"../../../../university/course-work/TerrainGenerator/Content/StarterContent/Blueprints/Blueprint_Effect_Smoke.uasset" 330
"../../../../university/course-work/TerrainGenerator/Content/StarterContent/Audio/Fire_Sparks01_Cue.uasset" 331
"../../../../university/course-work/TerrainGenerator/Content/StarterContent/Textures/T_Spark_Core.uasset" 332
"../../../../university/course-work/TerrainGenerator/Content/StarterContent/Particles/Materials/M_Spark.uasset" 333
"../../../../university/course-work/TerrainGenerator/Content/StarterContent/Particles/P_Sparks.uasset" 334
"../../../../university/course-work/TerrainGenerator/Content/StarterContent/Blueprints/Blueprint_Effect_Sparks.uasset" 335
"../../../../university/course-work/TerrainGenerator/Content/StarterContent/Audio/Steam01_Cue.uasset" 336
"../../../../university/course-work/TerrainGenerator/Content/StarterContent/Particles/P_Steam_Lit.uasset" 337
"../../../../university/course-work/TerrainGenerator/Content/StarterContent/Blueprints/Blueprint_Effect_Steam.uasset" 338
"../../../../university/course-work/TerrainGenerator/Content/StarterContent/Textures/T_Lamp_M.uasset" 339
"../../../../university/course-work/TerrainGenerator/Content/StarterContent/Textures/T_Lamp_N.uasset" 340
"../../../../university/course-work/TerrainGenerator/Content/StarterContent/Props/Materials/M_Lamp.uasset" 341
"../../../../university/course-work/TerrainGenerator/Content/StarterContent/Props/SM_Lamp_Ceiling.uasset" 342
"../../../../university/course-work/TerrainGenerator/Content/StarterContent/Blueprints/Blueprint_CeilingLight.uasset" 343
"../../../../university/course-work/TerrainGenerator/Content/StarterContent/Props/SM_Lamp_Wall.uasset" 344
"../../../../university/course-work/TerrainGenerator/Content/StarterContent/Blueprints/Blueprint_WallSconce.uasset" 345
"../../../../university/course-work/TerrainGenerator/Content/StarterContent/Maps/StarterMap_BuiltData.uasset" 346
"../../../Engine/Content/Functions/Engine_MaterialFunctions03/Procedurals/ComputeFilterWidth.uasset" 347
"../../../Engine/Content/EngineMaterials/AntiAliasedTextMaterialTranslucent.uasset" 348
"../../../../university/course-work/TerrainGenerator/Content/StarterContent/Textures/T_Brick_Clay_Beveled_D.uasset" 349
"../../../../university/course-work/TerrainGenerator/Content/StarterContent/Textures/T_Brick_Clay_Beveled_M.uasset" 350
"../../../../university/course-work/TerrainGenerator/Content/StarterContent/Textures/T_Brick_Clay_Beveled_N.uasset" 351
"../../../../university/course-work/TerrainGenerator/Content/StarterContent/Materials/M_Brick_Clay_Beveled.uasset" 352
"../../../../university/course-work/TerrainGenerator/Content/StarterContent/Textures/T_Brick_Clay_New_D.uasset" 353
"../../../../university/course-work/TerrainGenerator/Content/StarterContent/Textures/T_Brick_Clay_New_M.uasset" 354
"../../../../university/course-work/TerrainGenerator/Content/StarterContent/Textures/T_Brick_Clay_New_N.uasset" 355
"../../../../university/course-work/TerrainGenerator/Content/StarterContent/Materials/M_Brick_Clay_New.uasset" 356
"../../../../university/course-work/TerrainGenerator/Content/StarterContent/Textures/T_Brick_Clay_Old_D.uasset" 357
"../../../../university/course-work/TerrainGenerator/Content/StarterContent/Textures/T_Brick_Clay_Old_N.uasset" 358
"../../../../university/course-work/TerrainGenerator/Content/StarterContent/Textures/T_Perlin_Noise_M.uasset" 359
"../../../../university/course-work/TerrainGenerator/Content/StarterContent/Materials/M_Brick_Clay_Old.uasset" 360
"../../../../university/course-work/TerrainGenerator/Content/StarterContent/Textures/T_Brick_Cut_Stone_D.uasset" 361
"../../../../university/course-work/TerrainGenerator/Content/StarterContent/Textures/T_Brick_Cut_Stone_N.uasset" 362
"../../../../university/course-work/TerrainGenerator/Content/StarterContent/Materials/M_Brick_Cut_Stone.uasset" 363
"../../../../university/course-work/TerrainGenerator/Content/StarterContent/Textures/T_Brick_Hewn_Stone_D.uasset" 364
"../../../../university/course-work/TerrainGenerator/Content/StarterContent/Textures/T_Brick_Hewn_Stone_M.uasset" 365
"../../../../university/course-work/TerrainGenerator/Content/StarterContent/Textures/T_Brick_Hewn_Stone_N.uasset" 366
"../../../../university/course-work/TerrainGenerator/Content/StarterContent/Materials/M_Brick_Hewn_Stone.uasset" 367
"../../../../university/course-work/TerrainGenerator/Content/StarterContent/Textures/T_Ceramic_Tile_M.uasset" 368
"../../../../university/course-work/TerrainGenerator/Content/StarterContent/Textures/T_Ceramic_Tile_N.uasset" 369
"../../../../university/course-work/TerrainGenerator/Content/StarterContent/Textures/T_Rock_Marble_Polished_D.uasset" 370
"../../../../university/course-work/TerrainGenerator/Content/StarterContent/Materials/M_Ceramic_Tile_Checker.uasset" 371
"../../../../university/course-work/TerrainGenerator/Content/StarterContent/Textures/T_CobbleStone_Pebble_D.uasset" 372
"../../../../university/course-work/TerrainGenerator/Content/StarterContent/Textures/T_CobbleStone_Pebble_M.uasset" 373
"../../../../university/course-work/TerrainGenerator/Content/StarterContent/Textures/T_CobbleStone_Pebble_N.uasset" 374
"../../../../university/course-work/TerrainGenerator/Content/StarterContent/Materials/M_CobbleStone_Pebble.uasset" 375
"../../../../university/course-work/TerrainGenerator/Content/StarterContent/Textures/T_CobbleStone_Rough_D.uasset" 376
"../../../../university/course-work/TerrainGenerator/Content/StarterContent/Textures/T_CobbleStone_Rough_N.uasset" 377
"../../../../university/course-work/TerrainGenerator/Content/StarterContent/Textures/T_Gradinet_01.uasset" 378
"../../../../university/course-work/TerrainGenerator/Content/StarterContent/Textures/T_Rock_Smooth_Granite_D.uasset" 379
"../../../../university/course-work/TerrainGenerator/Content/StarterContent/Materials/M_CobbleStone_Rough.uasset" 380
"../../../../university/course-work/TerrainGenerator/Content/StarterContent/Textures/T_CobbleStone_Smooth_D.uasset" 381
"../../../../university/course-work/TerrainGenerator/Content/StarterContent/Textures/T_CobbleStone_Smooth_M.uasset" 382
"../../../../university/course-work/TerrainGenerator/Content/StarterContent/Textures/T_CobbleStone_Smooth_N.uasset" 383
"../../../../university/course-work/TerrainGenerator/Content/StarterContent/Materials/M_CobbleStone_Smooth.uasset" 384
"../../../../university/course-work/TerrainGenerator/Content/StarterContent/Textures/T_Concrete_Grime_D.uasset" 385
"../../../../university/course-work/TerrainGenerator/Content/StarterContent/Textures/T_Metal_Rust_N.uasset" 386
"../../../../university/course-work/TerrainGenerator/Content/StarterContent/Materials/M_Concrete_Grime.uasset" 387
"../../../../university/course-work/TerrainGenerator/Content/StarterContent/Textures/T_Concrete_Panels_D.uasset" 388
"../../../../university/course-work/TerrainGenerator/Content/StarterContent/Textures/T_Concrete_Panels_N.uasset" 389
"../../../../university/course-work/TerrainGenerator/Content/StarterContent/Materials/M_Concrete_Panels.uasset" 390
"../../../../university/course-work/TerrainGenerator/Content/StarterContent/Textures/T_Concrete_Poured_D.uasset" 391
"../../../../university/course-work/TerrainGenerator/Content/StarterContent/Textures/T_Concrete_Poured_N.uasset" 392
"../../../../university/course-work/TerrainGenerator/Content/StarterContent/Materials/M_Concrete_Poured.uasset" 393
"../../../../university/course-work/TerrainGenerator/Content/StarterContent/Textures/T_Concrete_Tiles_D.uasset" 394
"../../../../university/course-work/TerrainGenerator/Content/StarterContent/Textures/T_Concrete_Tiles_M.uasset" 395
"../../../../university/course-work/TerrainGenerator/Content/StarterContent/Textures/T_Concrete_Tiles_N.uasset" 396
"../../../../university/course-work/TerrainGenerator/Content/StarterContent/Textures/T_Concrete_Tiles_Variation_M.uasset" 397
"../../../../university/course-work/TerrainGenerator/Content/StarterContent/Materials/M_Concrete_Tiles.uasset" 398
"../../../../university/course-work/TerrainGenerator/Content/StarterContent/Textures/T_Ground_Grass_D.uasset" 399
"../../../../university/course-work/TerrainGenerator/Content/StarterContent/Textures/T_Ground_Grass_N.uasset" 400
"../../../../university/course-work/TerrainGenerator/Content/StarterContent/Materials/M_Ground_Grass.uasset" 401
"../../../../university/course-work/TerrainGenerator/Content/StarterContent/Textures/T_Ground_Gravel_D.uasset" 402
"../../../../university/course-work/TerrainGenerator/Content/StarterContent/Textures/T_Ground_Gravel_N.uasset" 403
"../../../../university/course-work/TerrainGenerator/Content/StarterContent/Materials/M_Ground_Gravel.uasset" 404
"../../../../university/course-work/TerrainGenerator/Content/StarterContent/Textures/T_ground_Moss_D.uasset" 405
"../../../../university/course-work/TerrainGenerator/Content/StarterContent/Textures/T_Ground_Moss_N.uasset" 406
"../../../../university/course-work/TerrainGenerator/Content/StarterContent/Materials/M_Ground_Moss.uasset" 407
"../../../../university/course-work/TerrainGenerator/Content/StarterContent/Materials/M_Metal_Chrome.uasset" 408
"../../../../university/course-work/TerrainGenerator/Content/StarterContent/Textures/T_Metal_Gold_D.uasset" 409
"../../../../university/course-work/TerrainGenerator/Content/StarterContent/Materials/M_Metal_Gold.uasset" 410
"../../../../university/course-work/TerrainGenerator/Content/StarterContent/Textures/T_Metal_Rust_D.uasset" 411
"../../../../university/course-work/TerrainGenerator/Content/StarterContent/Materials/M_Metal_Rust.uasset" 412
"../../../../university/course-work/TerrainGenerator/Content/StarterContent/Textures/T_Metal_Steel_D.uasset" 413
"../../../../university/course-work/TerrainGenerator/Content/StarterContent/Textures/T_Metal_Steel_N.uasset" 414
"../../../../university/course-work/TerrainGenerator/Content/StarterContent/Materials/M_Metal_Steel.uasset" 415
"../../../../university/course-work/TerrainGenerator/Content/StarterContent/Textures/T_Rock_Basalt_N.uasset" 416
"../../../../university/course-work/TerrainGenerator/Content/StarterContent/Materials/M_Rock_Basalt.uasset" 417
"../../../../university/course-work/TerrainGenerator/Content/StarterContent/Materials/M_Rock_Marble_Polished.uasset" 418
"../../../../university/course-work/TerrainGenerator/Content/StarterContent/Textures/T_Rock_Sandstone_D.uasset" 419
"../../../../university/course-work/TerrainGenerator/Content/StarterContent/Textures/T_Rock_Sandstone_N.uasset" 420
"../../../../university/course-work/TerrainGenerator/Content/StarterContent/Materials/M_Rock_Sandstone.uasset" 421
"../../../../university/course-work/TerrainGenerator/Content/StarterContent/Textures/T_Rock_Slate_D.uasset" 422
"../../../../university/course-work/TerrainGenerator/Content/StarterContent/Textures/T_Rock_Slate_N.uasset" 423
"../../../../university/course-work/TerrainGenerator/Content/StarterContent/Materials/M_Rock_Slate.uasset" 424
"../../../../university/course-work/TerrainGenerator/Content/StarterContent/Textures/T_Checker_Noise_M.uasset" 425
"../../../../university/course-work/TerrainGenerator/Content/StarterContent/Textures/T_Single_Tile_N.uasset" 426
"../../../../university/course-work/TerrainGenerator/Content/StarterContent/Textures/T_Tech_Dot_M.uasset" 427
"../../../../university/course-work/TerrainGenerator/Content/StarterContent/Textures/T_Tech_Dot_N.uasset" 428
"../../../../university/course-work/TerrainGenerator/Content/StarterContent/Materials/M_Tech_Checker_Dot.uasset" 429
"../../../../university/course-work/TerrainGenerator/Content/StarterContent/Textures/T_Tech_Hex_Tile_M.uasset" 430
"../../../../university/course-work/TerrainGenerator/Content/StarterContent/Textures/T_Tech_Hex_Tile_N.uasset" 431
"../../../../university/course-work/TerrainGenerator/Content/StarterContent/Materials/M_Tech_Hex_Tile.uasset" 432
"../../../../university/course-work/TerrainGenerator/Content/StarterContent/Materials/M_Tech_Hex_Tile_Pulse.uasset" 433
"../../../../university/course-work/TerrainGenerator/Content/StarterContent/Textures/T_Tech_Panel_M.uasset" 434
"../../../../university/course-work/TerrainGenerator/Content/StarterContent/Textures/T_Tech_Panel_N.uasset" 435
"../../../../university/course-work/TerrainGenerator/Content/StarterContent/Materials/M_Tech_Panel.uasset" 436
"../../../../university/course-work/TerrainGenerator/Content/StarterContent/Materials/M_Water_Lake.uasset" 437
"../../../../university/course-work/TerrainGenerator/Content/StarterContent/Textures/T_Water_M.uasset" 438
"../../../../university/course-work/TerrainGenerator/Content/StarterContent/Materials/M_Water_Ocean.uasset" 439
"../../../../university/course-work/TerrainGenerator/Content/StarterContent/Textures/T_Wood_Floor_Walnut_D.uasset" 440
"../../../../university/course-work/TerrainGenerator/Content/StarterContent/Textures/T_Wood_Floor_Walnut_M.uasset" 441
"../../../../university/course-work/TerrainGenerator/Content/StarterContent/Textures/T_Wood_Floor_Walnut_N.uasset" 442
"../../../../university/course-work/TerrainGenerator/Content/StarterContent/Materials/M_Wood_Floor_Walnut_Polished.uasset" 443
"../../../Engine/Content/Functions/Engine_MaterialFunctions01/Opacity/AlphaOffset.uasset" 444
"../../../../university/course-work/TerrainGenerator/Content/StarterContent/Materials/M_Wood_Floor_Walnut_Worn.uasset" 445
"../../../../university/course-work/TerrainGenerator/Content/StarterContent/Textures/T_Wood_Oak_D.uasset" 446
"../../../../university/course-work/TerrainGenerator/Content/StarterContent/Textures/T_Wood_Oak_N.uasset" 447
"../../../../university/course-work/TerrainGenerator/Content/StarterContent/Materials/M_Wood_Oak.uasset" 448
"../../../../university/course-work/TerrainGenerator/Content/StarterContent/Textures/T_Wood_Pine_D.uasset" 449
"../../../../university/course-work/TerrainGenerator/Content/StarterContent/Textures/T_Wood_Pine_N.uasset" 450
"../../../../university/course-work/TerrainGenerator/Content/StarterContent/Materials/M_Wood_Pine.uasset" 451
"../../../../university/course-work/TerrainGenerator/Content/StarterContent/Textures/T_Wood_Walnut_D.uasset" 452
"../../../../university/course-work/TerrainGenerator/Content/StarterContent/Textures/T_Wood_Walnut_N.uasset" 453
"../../../../university/course-work/TerrainGenerator/Content/StarterContent/Materials/M_Wood_Walnut.uasset" 454
"../../../../university/course-work/TerrainGenerator/Content/StarterContent/Architecture/Wall_400x200.uasset" 455
"../../../../university/course-work/TerrainGenerator/Content/StarterContent/Architecture/Wall_Door_400x300.uasset" 456
"../../../../university/course-work/TerrainGenerator/Content/StarterContent/Architecture/Wall_Window_400x300.uasset" 457
"../../../../university/course-work/TerrainGenerator/Content/StarterContent/Audio/Collapse_Cue.uasset" 458
"../../../../university/course-work/TerrainGenerator/Content/StarterContent/Audio/Starter_Music_Cue.uasset" 459
"../../../../university/course-work/TerrainGenerator/Content/StarterContent/Textures/T_Dust_Particle_D.uasset" 460
"../../../../university/course-work/TerrainGenerator/Content/StarterContent/Particles/Materials/M_Dust_Particle.uasset" 461
"../../../../university/course-work/TerrainGenerator/Content/StarterContent/Particles/P_Ambient_Dust.uasset" 462
"../../../../university/course-work/TerrainGenerator/Content/StarterContent/Props/MaterialSphere.uasset" 463
"../../../../university/course-work/TerrainGenerator/Content/StarterContent/Textures/T_Frame_M.uasset" 464
"../../../../university/course-work/TerrainGenerator/Content/StarterContent/Textures/T_Frame_N.uasset" 465
"../../../../university/course-work/TerrainGenerator/Content/StarterContent/Props/Materials/M_Frame.uasset" 466
"../../../../university/course-work/TerrainGenerator/Content/StarterContent/Props/SM_CornerFrame.uasset" 467
"../../../../university/course-work/TerrainGenerator/Content/StarterContent/Props/SM_DoorFrame.uasset" 468
"../../../../university/course-work/TerrainGenerator/Content/StarterContent/Props/SM_GlassWindow.uasset" 469
"../../../../university/course-work/TerrainGenerator/Content/StarterContent/Props/SM_PillarFrame.uasset" 470
"../../../../university/course-work/TerrainGenerator/Content/StarterContent/Props/SM_PillarFrame300.uasset" 471
"../../../../university/course-work/TerrainGenerator/Content/StarterContent/Props/SM_WindowFrame.uasset" 472
"../../../../university/course-work/TerrainGenerator/Content/StarterContent/Shapes/Shape_Cube.uasset" 473
"../../../../university/course-work/TerrainGenerator/Content/StarterContent/Shapes/Shape_QuadPyramid.uasset" 474
"../../../../university/course-work/TerrainGenerator/Content/StarterContent/Shapes/Shape_Sphere.uasset" 475
"../../../../university/course-work/TerrainGenerator/Content/StarterContent/Maps/StarterMap.umap" 476
"../../../../university/course-work/TerrainGenerator/Content/Mannequin/Animations/ThirdPerson_Jump.uasset" 477
"../../../../university/course-work/TerrainGenerator/Content/Mannequin/Animations/ThirdPersonJump_Loop.uasset" 478
"../../../../university/course-work/TerrainGenerator/Content/Mannequin/Animations/ThirdPersonJump_Start.uasset" 479
"../../../../university/course-work/TerrainGenerator/Content/Mannequin/Animations/ThirdPersonIdle.uasset" 480
"../../../../university/course-work/TerrainGenerator/Content/Mannequin/Animations/ThirdPersonRun.uasset" 481
"../../../../university/course-work/TerrainGenerator/Content/Mannequin/Animations/ThirdPersonWalk.uasset" 482
"../../../../university/course-work/TerrainGenerator/Content/Mannequin/Animations/ThirdPerson_IdleRun_2D.uasset" 483
"../../../../university/course-work/TerrainGenerator/Content/Mannequin/Animations/ThirdPerson_AnimBP.uasset" 484
"../../../Engine/Content/Functions/MaterialLayerFunctions/MatLayerBlend_NormalBlend.uasset" 485
"../../../Engine/Content/Functions/MaterialLayerFunctions/MatLayerBlend_Simple.uasset" 486
"../../../../university/course-work/TerrainGenerator/Content/Mannequin/Character/Materials/MaterialLayers/T_ML_Rubber_Blue_01_D.uasset" 487
"../../../../university/course-work/TerrainGenerator/Content/Mannequin/Character/Materials/MaterialLayers/T_ML_Rubber_Blue_01_N.uasset" 488
"../../../../university/course-work/TerrainGenerator/Content/Mannequin/Character/Materials/MaterialLayers/ML_GlossyBlack_Latex_UE4.uasset" 489
"../../../../university/course-work/TerrainGenerator/Content/Mannequin/Character/Materials/MaterialLayers/ML_Plastic_Shiny_Beige.uasset" 490
"../../../../university/course-work/TerrainGenerator/Content/Mannequin/Character/Textures/UE4_LOGO_CARD.uasset" 491
"../../../../university/course-work/TerrainGenerator/Content/Mannequin/Character/Materials/MaterialLayers/ML_Plastic_Shiny_Beige_LOGO.uasset" 492
"../../../../university/course-work/TerrainGenerator/Content/Mannequin/Character/Materials/MaterialLayers/T_ML_Aluminum01.uasset" 493
"../../../../university/course-work/TerrainGenerator/Content/Mannequin/Character/Materials/MaterialLayers/T_ML_Aluminum01_N.uasset" 494
"../../../../university/course-work/TerrainGenerator/Content/Mannequin/Character/Materials/MaterialLayers/ML_SoftMetal_UE4.uasset" 495
"../../../../university/course-work/TerrainGenerator/Content/Mannequin/Character/Textures/UE4_Mannequin__normals.uasset" 496
"../../../../university/course-work/TerrainGenerator/Content/Mannequin/Character/Textures/UE4_Mannequin_MAT_MASKA.uasset" 497
"../../../../university/course-work/TerrainGenerator/Content/Mannequin/Character/Materials/M_UE4Man_Body.uasset" 498
"../../../../university/course-work/TerrainGenerator/Content/Mannequin/Character/Textures/UE4Man_Logo_N.uasset" 499
"../../../../university/course-work/TerrainGenerator/Content/Mannequin/Character/Materials/M_UE4Man_ChestLogo.uasset" 500
"../../../../university/course-work/TerrainGenerator/Content/Mannequin/Character/Mesh/SK_Mannequin_PhysicsAsset.uasset" 501
"../../../../university/course-work/TerrainGenerator/Content/Mannequin/Character/Mesh/SK_Mannequin.uasset" 502
"../../../../university/course-work/TerrainGenerator/Content/ThirdPersonCPP/Blueprints/ThirdPersonCharacter.uasset" 503
"../../../../university/course-work/TerrainGenerator/Content/ThirdPersonCPP/Maps/ThirdPersonExampleMap_BuiltData.uasset" 504
"../../../../university/course-work/TerrainGenerator/Content/Menu/Menu.uasset" 505
"../../../../university/course-work/TerrainGenerator/Content/ThirdPersonCPP/Maps/ThirdPersonExampleMap.umap" 506
"../../../Engine/Content/Maps/Entry_BuiltData.uasset" 507
"../../../Engine/Content/Maps/Entry.umap" 508
